<?xml version="1.0" encoding="UTF-8"?>
<!-- Generated by org.testng.reporters.JUnitReportReporter -->
<testsuite hostname="LAPTOP-QMK202VJ" name="runner.ExecuteTestRunner" tests="1" failures="0" timestamp="13 Sep 2020 09:01:34 GMT" time="96.995" errors="0">
  <testcase name="feature" time="96.995" classname="runner.ExecuteTestRunner"/>
</testsuite> <!-- runner.ExecuteTestRunner -->
