<?xml version="1.0" encoding="UTF-8"?>
<!-- Generated by org.testng.reporters.JUnitReportReporter -->
<testsuite hostname="LAPTOP-16VS67LC" failures="0" tests="1" name="runner.ExecuteTestRunner" time="65.213" errors="0" timestamp="13 Sep 2020 09:29:31 GMT">
  <testcase classname="runner.ExecuteTestRunner" name="feature" time="65.213"/>
</testsuite> <!-- runner.ExecuteTestRunner -->
